Build started 28.03.2015 19:24:41.
     1>Project "C:\Users\admin\Desktop\psx_v110\psx_v110\psx_v110.vcxproj" on node 2 (Build target(s)).
     1>ClCompile:
         D:\Program Files (x86)\Microsoft Visual Studio 11.0\VC\bin\CL.exe /c /ZI /nologo /W3 /WX- /Od /Oy- /D WIN32 /D _DEBUG /D _CONSOLE /D _UNICODE /D UNICODE /Gm /EHsc /RTC1 /MDd /GS /fp:precise /Zc:wchar_t /Zc:forScope /Fo"Debug\\" /Fd"Debug\vc110.pdb" /Gd /TP /analyze- /errorReport:prompt psx_gamepad.cpp
         psx_gamepad.cpp
       Link:
         D:\Program Files (x86)\Microsoft Visual Studio 11.0\VC\bin\link.exe /ERRORREPORT:PROMPT /OUT:"C:\Users\admin\Desktop\psx_v110\Debug\psx_v110.exe" /INCREMENTAL /NOLOGO opengl32.lib glu32.lib glfw3.lib glfw3dll.lib kernel32.lib user32.lib gdi32.lib winspool.lib comdlg32.lib advapi32.lib shell32.lib ole32.lib oleaut32.lib uuid.lib odbc32.lib odbccp32.lib /MANIFEST /MANIFESTUAC:"level='asInvoker' uiAccess='false'" /manifest:embed /DEBUG /PDB:"C:\Users\admin\Desktop\psx_v110\Debug\psx_v110.pdb" /SUBSYSTEM:CONSOLE /TLBID:1 /DYNAMICBASE /NXCOMPAT /IMPLIB:"C:\Users\admin\Desktop\psx_v110\Debug\psx_v110.lib" /MACHINE:X86 Debug\interpreter.obj
         Debug\main.obj
         Debug\psx_cd.obj
         Debug\psx_counters.obj
         Debug\psx_cpu.obj
         Debug\psx_dma.obj
         Debug\psx_gamepad.obj
         Debug\psx_gpu.obj
         Debug\psx_mem.obj
         Debug\psx_spu.obj
         psx_v110.vcxproj -> C:\Users\admin\Desktop\psx_v110\Debug\psx_v110.exe
     1>Done Building Project "C:\Users\admin\Desktop\psx_v110\psx_v110\psx_v110.vcxproj" (Build target(s)).

Build succeeded.

Time Elapsed 00:00:00.48
